

Started GET "/assets/rails.png" for 127.0.0.1 at 2013-08-15 22:16:08 +0530
Connecting to database specified by database.yml

ActiveRecord::ConnectionNotEstablished (ActiveRecord::ConnectionNotEstablished):
  activerecord (3.2.9) lib/active_record/connection_adapters/abstract/connection_pool.rb:410:in `retrieve_connection'
  activerecord (3.2.9) lib/active_record/connection_adapters/abstract/connection_specification.rb:171:in `retrieve_connection'
  activerecord (3.2.9) lib/active_record/connection_adapters/abstract/connection_specification.rb:145:in `connection'
  activerecord (3.2.9) lib/active_record/query_cache.rb:67:in `rescue in call'
  activerecord (3.2.9) lib/active_record/query_cache.rb:61:in `call'
  activerecord (3.2.9) lib/active_record/connection_adapters/abstract/connection_pool.rb:479:in `call'
  actionpack (3.2.9) lib/action_dispatch/middleware/callbacks.rb:28:in `block in call'
  activesupport (3.2.9) lib/active_support/callbacks.rb:405:in `_run__697308581__call__1012209894__callbacks'
  activesupport (3.2.9) lib/active_support/callbacks.rb:405:in `__run_callback'
  activesupport (3.2.9) lib/active_support/callbacks.rb:385:in `_run_call_callbacks'
  activesupport (3.2.9) lib/active_support/callbacks.rb:81:in `run_callbacks'
  actionpack (3.2.9) lib/action_dispatch/middleware/callbacks.rb:27:in `call'
  actionpack (3.2.9) lib/action_dispatch/middleware/reloader.rb:65:in `call'
  actionpack (3.2.9) lib/action_dispatch/middleware/remote_ip.rb:31:in `call'
  actionpack (3.2.9) lib/action_dispatch/middleware/debug_exceptions.rb:16:in `call'
  actionpack (3.2.9) lib/action_dispatch/middleware/show_exceptions.rb:56:in `call'
  railties (3.2.9) lib/rails/rack/logger.rb:32:in `call_app'
  railties (3.2.9) lib/rails/rack/logger.rb:16:in `block in call'
  activesupport (3.2.9) lib/active_support/tagged_logging.rb:22:in `tagged'
  railties (3.2.9) lib/rails/rack/logger.rb:16:in `call'
  actionpack (3.2.9) lib/action_dispatch/middleware/request_id.rb:22:in `call'
  rack (1.4.5) lib/rack/methodoverride.rb:21:in `call'
  rack (1.4.5) lib/rack/runtime.rb:17:in `call'
  activesupport (3.2.9) lib/active_support/cache/strategy/local_cache.rb:72:in `call'
  rack (1.4.5) lib/rack/lock.rb:15:in `call'
  actionpack (3.2.9) lib/action_dispatch/middleware/static.rb:62:in `call'
  railties (3.2.9) lib/rails/engine.rb:479:in `call'
  railties (3.2.9) lib/rails/application.rb:223:in `call'
  rack (1.4.5) lib/rack/content_length.rb:14:in `call'
  railties (3.2.9) lib/rails/rack/log_tailer.rb:17:in `call'
  rack (1.4.5) lib/rack/handler/webrick.rb:59:in `service'
  /home/vinodhini/.rvm/rubies/ruby-1.9.3-p125/lib/ruby/1.9.1/webrick/httpserver.rb:138:in `service'
  /home/vinodhini/.rvm/rubies/ruby-1.9.3-p125/lib/ruby/1.9.1/webrick/httpserver.rb:94:in `run'
  /home/vinodhini/.rvm/rubies/ruby-1.9.3-p125/lib/ruby/1.9.1/webrick/server.rb:191:in `block in start_thread'


  Rendered /home/vinodhini/.rvm/gems/ruby-1.9.3-p125/gems/actionpack-3.2.9/lib/action_dispatch/middleware/templates/rescues/_trace.erb (2.8ms)
  Rendered /home/vinodhini/.rvm/gems/ruby-1.9.3-p125/gems/actionpack-3.2.9/lib/action_dispatch/middleware/templates/rescues/_request_and_response.erb (31.0ms)
  Rendered /home/vinodhini/.rvm/gems/ruby-1.9.3-p125/gems/actionpack-3.2.9/lib/action_dispatch/middleware/templates/rescues/diagnostics.erb within rescues/layout (55.5ms)


Started GET "/rails/info/properties" for 127.0.0.1 at 2013-08-15 22:16:11 +0530

ActiveRecord::ConnectionNotEstablished (ActiveRecord::ConnectionNotEstablished):
  activerecord (3.2.9) lib/active_record/connection_adapters/abstract/connection_pool.rb:410:in `retrieve_connection'
  activerecord (3.2.9) lib/active_record/connection_adapters/abstract/connection_specification.rb:171:in `retrieve_connection'
  activerecord (3.2.9) lib/active_record/connection_adapters/abstract/connection_specification.rb:145:in `connection'
  activerecord (3.2.9) lib/active_record/query_cache.rb:67:in `rescue in call'
  activerecord (3.2.9) lib/active_record/query_cache.rb:61:in `call'
  activerecord (3.2.9) lib/active_record/connection_adapters/abstract/connection_pool.rb:479:in `call'
  actionpack (3.2.9) lib/action_dispatch/middleware/callbacks.rb:28:in `block in call'
  activesupport (3.2.9) lib/active_support/callbacks.rb:405:in `_run__697308581__call__1012209894__callbacks'
  activesupport (3.2.9) lib/active_support/callbacks.rb:405:in `__run_callback'
  activesupport (3.2.9) lib/active_support/callbacks.rb:385:in `_run_call_callbacks'
  activesupport (3.2.9) lib/active_support/callbacks.rb:81:in `run_callbacks'
  actionpack (3.2.9) lib/action_dispatch/middleware/callbacks.rb:27:in `call'
  actionpack (3.2.9) lib/action_dispatch/middleware/reloader.rb:65:in `call'
  actionpack (3.2.9) lib/action_dispatch/middleware/remote_ip.rb:31:in `call'
  actionpack (3.2.9) lib/action_dispatch/middleware/debug_exceptions.rb:16:in `call'
  actionpack (3.2.9) lib/action_dispatch/middleware/show_exceptions.rb:56:in `call'
  railties (3.2.9) lib/rails/rack/logger.rb:32:in `call_app'
  railties (3.2.9) lib/rails/rack/logger.rb:16:in `block in call'
  activesupport (3.2.9) lib/active_support/tagged_logging.rb:22:in `tagged'
  railties (3.2.9) lib/rails/rack/logger.rb:16:in `call'
  actionpack (3.2.9) lib/action_dispatch/middleware/request_id.rb:22:in `call'
  rack (1.4.5) lib/rack/methodoverride.rb:21:in `call'
  rack (1.4.5) lib/rack/runtime.rb:17:in `call'
  activesupport (3.2.9) lib/active_support/cache/strategy/local_cache.rb:72:in `call'
  rack (1.4.5) lib/rack/lock.rb:15:in `call'
  actionpack (3.2.9) lib/action_dispatch/middleware/static.rb:62:in `call'
  railties (3.2.9) lib/rails/engine.rb:479:in `call'
  railties (3.2.9) lib/rails/application.rb:223:in `call'
  rack (1.4.5) lib/rack/content_length.rb:14:in `call'
  railties (3.2.9) lib/rails/rack/log_tailer.rb:17:in `call'
  rack (1.4.5) lib/rack/handler/webrick.rb:59:in `service'
  /home/vinodhini/.rvm/rubies/ruby-1.9.3-p125/lib/ruby/1.9.1/webrick/httpserver.rb:138:in `service'
  /home/vinodhini/.rvm/rubies/ruby-1.9.3-p125/lib/ruby/1.9.1/webrick/httpserver.rb:94:in `run'
  /home/vinodhini/.rvm/rubies/ruby-1.9.3-p125/lib/ruby/1.9.1/webrick/server.rb:191:in `block in start_thread'


  Rendered /home/vinodhini/.rvm/gems/ruby-1.9.3-p125/gems/actionpack-3.2.9/lib/action_dispatch/middleware/templates/rescues/_trace.erb (1.0ms)
  Rendered /home/vinodhini/.rvm/gems/ruby-1.9.3-p125/gems/actionpack-3.2.9/lib/action_dispatch/middleware/templates/rescues/_request_and_response.erb (0.7ms)
  Rendered /home/vinodhini/.rvm/gems/ruby-1.9.3-p125/gems/actionpack-3.2.9/lib/action_dispatch/middleware/templates/rescues/diagnostics.erb within rescues/layout (8.1ms)


Started GET "/rails/info/properties" for 127.0.0.1 at 2013-08-15 22:16:18 +0530

ActiveRecord::ConnectionNotEstablished (ActiveRecord::ConnectionNotEstablished):
  activerecord (3.2.9) lib/active_record/connection_adapters/abstract/connection_pool.rb:410:in `retrieve_connection'
  activerecord (3.2.9) lib/active_record/connection_adapters/abstract/connection_specification.rb:171:in `retrieve_connection'
  activerecord (3.2.9) lib/active_record/connection_adapters/abstract/connection_specification.rb:145:in `connection'
  activerecord (3.2.9) lib/active_record/query_cache.rb:67:in `rescue in call'
  activerecord (3.2.9) lib/active_record/query_cache.rb:61:in `call'
  activerecord (3.2.9) lib/active_record/connection_adapters/abstract/connection_pool.rb:479:in `call'
  actionpack (3.2.9) lib/action_dispatch/middleware/callbacks.rb:28:in `block in call'
  activesupport (3.2.9) lib/active_support/callbacks.rb:405:in `_run__697308581__call__1012209894__callbacks'
  activesupport (3.2.9) lib/active_support/callbacks.rb:405:in `__run_callback'
  activesupport (3.2.9) lib/active_support/callbacks.rb:385:in `_run_call_callbacks'
  activesupport (3.2.9) lib/active_support/callbacks.rb:81:in `run_callbacks'
  actionpack (3.2.9) lib/action_dispatch/middleware/callbacks.rb:27:in `call'
  actionpack (3.2.9) lib/action_dispatch/middleware/reloader.rb:65:in `call'
  actionpack (3.2.9) lib/action_dispatch/middleware/remote_ip.rb:31:in `call'
  actionpack (3.2.9) lib/action_dispatch/middleware/debug_exceptions.rb:16:in `call'
  actionpack (3.2.9) lib/action_dispatch/middleware/show_exceptions.rb:56:in `call'
  railties (3.2.9) lib/rails/rack/logger.rb:32:in `call_app'
  railties (3.2.9) lib/rails/rack/logger.rb:16:in `block in call'
  activesupport (3.2.9) lib/active_support/tagged_logging.rb:22:in `tagged'
  railties (3.2.9) lib/rails/rack/logger.rb:16:in `call'
  actionpack (3.2.9) lib/action_dispatch/middleware/request_id.rb:22:in `call'
  rack (1.4.5) lib/rack/methodoverride.rb:21:in `call'
  rack (1.4.5) lib/rack/runtime.rb:17:in `call'
  activesupport (3.2.9) lib/active_support/cache/strategy/local_cache.rb:72:in `call'
  rack (1.4.5) lib/rack/lock.rb:15:in `call'
  actionpack (3.2.9) lib/action_dispatch/middleware/static.rb:62:in `call'
  railties (3.2.9) lib/rails/engine.rb:479:in `call'
  railties (3.2.9) lib/rails/application.rb:223:in `call'
  rack (1.4.5) lib/rack/content_length.rb:14:in `call'
  railties (3.2.9) lib/rails/rack/log_tailer.rb:17:in `call'
  rack (1.4.5) lib/rack/handler/webrick.rb:59:in `service'
  /home/vinodhini/.rvm/rubies/ruby-1.9.3-p125/lib/ruby/1.9.1/webrick/httpserver.rb:138:in `service'
  /home/vinodhini/.rvm/rubies/ruby-1.9.3-p125/lib/ruby/1.9.1/webrick/httpserver.rb:94:in `run'
  /home/vinodhini/.rvm/rubies/ruby-1.9.3-p125/lib/ruby/1.9.1/webrick/server.rb:191:in `block in start_thread'


  Rendered /home/vinodhini/.rvm/gems/ruby-1.9.3-p125/gems/actionpack-3.2.9/lib/action_dispatch/middleware/templates/rescues/_trace.erb (1.0ms)
  Rendered /home/vinodhini/.rvm/gems/ruby-1.9.3-p125/gems/actionpack-3.2.9/lib/action_dispatch/middleware/templates/rescues/_request_and_response.erb (0.7ms)
  Rendered /home/vinodhini/.rvm/gems/ruby-1.9.3-p125/gems/actionpack-3.2.9/lib/action_dispatch/middleware/templates/rescues/diagnostics.erb within rescues/layout (11.1ms)


Started GET "/rails/info/properties" for 127.0.0.1 at 2013-08-15 22:16:20 +0530

ActiveRecord::ConnectionNotEstablished (ActiveRecord::ConnectionNotEstablished):
  activerecord (3.2.9) lib/active_record/connection_adapters/abstract/connection_pool.rb:410:in `retrieve_connection'
  activerecord (3.2.9) lib/active_record/connection_adapters/abstract/connection_specification.rb:171:in `retrieve_connection'
  activerecord (3.2.9) lib/active_record/connection_adapters/abstract/connection_specification.rb:145:in `connection'
  activerecord (3.2.9) lib/active_record/query_cache.rb:67:in `rescue in call'
  activerecord (3.2.9) lib/active_record/query_cache.rb:61:in `call'
  activerecord (3.2.9) lib/active_record/connection_adapters/abstract/connection_pool.rb:479:in `call'
  actionpack (3.2.9) lib/action_dispatch/middleware/callbacks.rb:28:in `block in call'
  activesupport (3.2.9) lib/active_support/callbacks.rb:405:in `_run__697308581__call__1012209894__callbacks'
  activesupport (3.2.9) lib/active_support/callbacks.rb:405:in `__run_callback'
  activesupport (3.2.9) lib/active_support/callbacks.rb:385:in `_run_call_callbacks'
  activesupport (3.2.9) lib/active_support/callbacks.rb:81:in `run_callbacks'
  actionpack (3.2.9) lib/action_dispatch/middleware/callbacks.rb:27:in `call'
  actionpack (3.2.9) lib/action_dispatch/middleware/reloader.rb:65:in `call'
  actionpack (3.2.9) lib/action_dispatch/middleware/remote_ip.rb:31:in `call'
  actionpack (3.2.9) lib/action_dispatch/middleware/debug_exceptions.rb:16:in `call'
  actionpack (3.2.9) lib/action_dispatch/middleware/show_exceptions.rb:56:in `call'
  railties (3.2.9) lib/rails/rack/logger.rb:32:in `call_app'
  railties (3.2.9) lib/rails/rack/logger.rb:16:in `block in call'
  activesupport (3.2.9) lib/active_support/tagged_logging.rb:22:in `tagged'
  railties (3.2.9) lib/rails/rack/logger.rb:16:in `call'
  actionpack (3.2.9) lib/action_dispatch/middleware/request_id.rb:22:in `call'
  rack (1.4.5) lib/rack/methodoverride.rb:21:in `call'
  rack (1.4.5) lib/rack/runtime.rb:17:in `call'
  activesupport (3.2.9) lib/active_support/cache/strategy/local_cache.rb:72:in `call'
  rack (1.4.5) lib/rack/lock.rb:15:in `call'
  actionpack (3.2.9) lib/action_dispatch/middleware/static.rb:62:in `call'
  railties (3.2.9) lib/rails/engine.rb:479:in `call'
  railties (3.2.9) lib/rails/application.rb:223:in `call'
  rack (1.4.5) lib/rack/content_length.rb:14:in `call'
  railties (3.2.9) lib/rails/rack/log_tailer.rb:17:in `call'
  rack (1.4.5) lib/rack/handler/webrick.rb:59:in `service'
  /home/vinodhini/.rvm/rubies/ruby-1.9.3-p125/lib/ruby/1.9.1/webrick/httpserver.rb:138:in `service'
  /home/vinodhini/.rvm/rubies/ruby-1.9.3-p125/lib/ruby/1.9.1/webrick/httpserver.rb:94:in `run'
  /home/vinodhini/.rvm/rubies/ruby-1.9.3-p125/lib/ruby/1.9.1/webrick/server.rb:191:in `block in start_thread'


  Rendered /home/vinodhini/.rvm/gems/ruby-1.9.3-p125/gems/actionpack-3.2.9/lib/action_dispatch/middleware/templates/rescues/_trace.erb (1.0ms)
  Rendered /home/vinodhini/.rvm/gems/ruby-1.9.3-p125/gems/actionpack-3.2.9/lib/action_dispatch/middleware/templates/rescues/_request_and_response.erb (0.7ms)
  Rendered /home/vinodhini/.rvm/gems/ruby-1.9.3-p125/gems/actionpack-3.2.9/lib/action_dispatch/middleware/templates/rescues/diagnostics.erb within rescues/layout (8.0ms)
Connecting to database specified by database.yml
Connecting to database specified by database.yml
  [1m[36m (114.8ms)[0m  [1mCREATE TABLE `schema_migrations` (`version` varchar(255) NOT NULL) ENGINE=InnoDB[0m
  [1m[35m (267.6ms)[0m  CREATE UNIQUE INDEX `unique_schema_migrations` ON `schema_migrations` (`version`)
  [1m[36m (0.4ms)[0m  [1mSELECT `schema_migrations`.`version` FROM `schema_migrations` [0m


Started GET "/assets/rails.png" for 127.0.0.1 at 2013-08-15 23:45:08 +0530
Connecting to database specified by database.yml
Served asset /rails.png - 200 OK (16ms)


Started GET "/rails/info/properties" for 127.0.0.1 at 2013-08-15 23:45:11 +0530
  [1m[36m (0.2ms)[0m  [1mSELECT `schema_migrations`.`version` FROM `schema_migrations` [0m
Processing by Rails::InfoController#properties as */*
  Rendered inline template (1.9ms)
Completed 200 OK in 32ms (Views: 31.9ms | ActiveRecord: 0.0ms)


Started GET "/rails/info/properties" for 127.0.0.1 at 2013-08-15 23:45:32 +0530
Processing by Rails::InfoController#properties as */*
  Rendered inline template (0.6ms)
Completed 200 OK in 2ms (Views: 1.3ms | ActiveRecord: 0.0ms)


Started GET "/rails/info/properties" for 127.0.0.1 at 2013-08-15 23:45:33 +0530
Processing by Rails::InfoController#properties as */*
  Rendered inline template (0.3ms)
Completed 200 OK in 2ms (Views: 1.0ms | ActiveRecord: 0.0ms)
Connecting to database specified by database.yml


Started GET "/assets/rails.png" for 127.0.0.1 at 2013-08-16 11:09:09 +0530
Connecting to database specified by database.yml
Served asset /rails.png - 304 Not Modified (96ms)
Connecting to database specified by database.yml
Connecting to database specified by database.yml
  [1m[36m (0.4ms)[0m  [1mSELECT `schema_migrations`.`version` FROM `schema_migrations` [0m
Migrating to CreateUsers (20130816065306)
  [1m[35m (151.0ms)[0m  CREATE TABLE `users` (`id` int(11) DEFAULT NULL auto_increment PRIMARY KEY, `email` varchar(255), `password_hash` varchar(255), `password_salt` varchar(255), `created_at` datetime NOT NULL, `updated_at` datetime NOT NULL) ENGINE=InnoDB
  [1m[36m (65.6ms)[0m  [1mINSERT INTO `schema_migrations` (`version`) VALUES ('20130816065306')[0m
  [1m[35m (0.3ms)[0m  SELECT `schema_migrations`.`version` FROM `schema_migrations` 
Connecting to database specified by database.yml
